  Game.cpp
D:\conor\Github\CMP405_Tools\WOFFCEdit\Game.cpp(28,20): warning C4305: '=': truncation from 'double' to 'float'
D:\conor\Github\CMP405_Tools\WOFFCEdit\Game.cpp(184,66): warning C4244: '=': conversion from 'double' to 'float', possible loss of data
D:\conor\Github\CMP405_Tools\WOFFCEdit\Game.cpp(185,28): warning C4244: '=': conversion from 'double' to 'float', possible loss of data
D:\conor\Github\CMP405_Tools\WOFFCEdit\Game.cpp(186,66): warning C4244: '=': conversion from 'double' to 'float', possible loss of data
D:\conor\Github\CMP405_Tools\WOFFCEdit\Game.cpp(287,45): warning C4267: 'initializing': conversion from 'size_t' to 'int', possible loss of data
D:\conor\Github\CMP405_Tools\WOFFCEdit\Game.cpp(297,57): warning C4244: 'argument': conversion from 'double' to 'float', possible loss of data
D:\conor\Github\CMP405_Tools\WOFFCEdit\Game.cpp(296,57): warning C4244: 'argument': conversion from 'double' to 'float', possible loss of data
D:\conor\Github\CMP405_Tools\WOFFCEdit\Game.cpp(295,97): warning C4244: 'argument': conversion from 'double' to 'float', possible loss of data
D:\conor\Github\CMP405_Tools\WOFFCEdit\Game.cpp(281,10): warning C4101: 'Buffer': unreferenced local variable
D:\conor\Github\CMP405_Tools\WOFFCEdit\Game.cpp(460,37): warning C4267: 'initializing': conversion from 'size_t' to 'int', possible loss of data
D:\conor\Github\CMP405_Tools\WOFFCEdit\Game.cpp(684,82): warning C4244: 'argument': conversion from 'int' to 'float', possible loss of data
D:\conor\Github\CMP405_Tools\WOFFCEdit\Game.cpp(684,57): warning C4244: 'argument': conversion from 'int' to 'float', possible loss of data
D:\conor\Github\CMP405_Tools\WOFFCEdit\Game.cpp(685,81): warning C4244: 'argument': conversion from 'int' to 'float', possible loss of data
D:\conor\Github\CMP405_Tools\WOFFCEdit\Game.cpp(685,56): warning C4244: 'argument': conversion from 'int' to 'float', possible loss of data
D:\conor\Github\CMP405_Tools\WOFFCEdit\Game.cpp(696,46): warning C4244: 'argument': conversion from 'double' to 'float', possible loss of data
D:\conor\Github\CMP405_Tools\WOFFCEdit\Game.cpp(695,147): warning C4244: 'argument': conversion from 'double' to 'float', possible loss of data
D:\conor\Github\CMP405_Tools\WOFFCEdit\Game.cpp(695,98): warning C4244: 'argument': conversion from 'double' to 'float', possible loss of data
D:\conor\Github\CMP405_Tools\WOFFCEdit\Game.cpp(702,111): warning C4244: 'argument': conversion from 'LONG' to 'float', possible loss of data
D:\conor\Github\CMP405_Tools\WOFFCEdit\Game.cpp(702,85): warning C4244: 'argument': conversion from 'LONG' to 'float', possible loss of data
D:\conor\Github\CMP405_Tools\WOFFCEdit\Game.cpp(704,109): warning C4244: 'argument': conversion from 'LONG' to 'float', possible loss of data
D:\conor\Github\CMP405_Tools\WOFFCEdit\Game.cpp(704,83): warning C4244: 'argument': conversion from 'LONG' to 'float', possible loss of data
  Win32SimpleSample.vcxproj -> D:\conor\Github\CMP405_Tools\WOFFCEdit\x64\Debug\WoFEdit.exe
