C:\Program Files\Microsoft Visual Studio\2022\Enterprise\MSBuild\Microsoft\VC\v170\Microsoft.CppBuild.targets(534,5): warning MSB8028: The intermediate directory (Debug\) contains files shared from another project (Win32SimpleSample.vcxproj).  This can lead to incorrect clean and rebuild behavior.
  Game.cpp
D:\LocalWorkDir\1802776\WFFC-Edit\WOFFCEdit\Game.cpp(28,20): warning C4305: '=': truncation from 'double' to 'float'
D:\LocalWorkDir\1802776\WFFC-Edit\WOFFCEdit\Game.cpp(187,66): warning C4244: '=': conversion from 'double' to 'float', possible loss of data
D:\LocalWorkDir\1802776\WFFC-Edit\WOFFCEdit\Game.cpp(188,28): warning C4244: '=': conversion from 'double' to 'float', possible loss of data
D:\LocalWorkDir\1802776\WFFC-Edit\WOFFCEdit\Game.cpp(189,66): warning C4244: '=': conversion from 'double' to 'float', possible loss of data
D:\LocalWorkDir\1802776\WFFC-Edit\WOFFCEdit\Game.cpp(305,57): warning C4244: 'argument': conversion from 'double' to 'float', possible loss of data
D:\LocalWorkDir\1802776\WFFC-Edit\WOFFCEdit\Game.cpp(304,57): warning C4244: 'argument': conversion from 'double' to 'float', possible loss of data
D:\LocalWorkDir\1802776\WFFC-Edit\WOFFCEdit\Game.cpp(303,97): warning C4244: 'argument': conversion from 'double' to 'float', possible loss of data
D:\LocalWorkDir\1802776\WFFC-Edit\WOFFCEdit\Game.cpp(289,10): warning C4101: 'Buffer': unreferenced local variable
  ToolMain.cpp
  _WIN32_WINNT not defined. Defaulting to _WIN32_WINNT_MAXVER (see WinSDKVer.h)
D:\LocalWorkDir\1802776\WFFC-Edit\WOFFCEdit\ToolMain.cpp(91,46): warning C4244: '=': conversion from 'double' to 'float', possible loss of data
D:\LocalWorkDir\1802776\WFFC-Edit\WOFFCEdit\ToolMain.cpp(92,46): warning C4244: '=': conversion from 'double' to 'float', possible loss of data
D:\LocalWorkDir\1802776\WFFC-Edit\WOFFCEdit\ToolMain.cpp(93,46): warning C4244: '=': conversion from 'double' to 'float', possible loss of data
D:\LocalWorkDir\1802776\WFFC-Edit\WOFFCEdit\ToolMain.cpp(94,46): warning C4244: '=': conversion from 'double' to 'float', possible loss of data
D:\LocalWorkDir\1802776\WFFC-Edit\WOFFCEdit\ToolMain.cpp(95,46): warning C4244: '=': conversion from 'double' to 'float', possible loss of data
D:\LocalWorkDir\1802776\WFFC-Edit\WOFFCEdit\ToolMain.cpp(96,46): warning C4244: '=': conversion from 'double' to 'float', possible loss of data
D:\LocalWorkDir\1802776\WFFC-Edit\WOFFCEdit\ToolMain.cpp(97,46): warning C4244: '=': conversion from 'double' to 'float', possible loss of data
D:\LocalWorkDir\1802776\WFFC-Edit\WOFFCEdit\ToolMain.cpp(98,46): warning C4244: '=': conversion from 'double' to 'float', possible loss of data
D:\LocalWorkDir\1802776\WFFC-Edit\WOFFCEdit\ToolMain.cpp(99,46): warning C4244: '=': conversion from 'double' to 'float', possible loss of data
D:\LocalWorkDir\1802776\WFFC-Edit\WOFFCEdit\ToolMain.cpp(111,48): warning C4244: '=': conversion from 'double' to 'float', possible loss of data
D:\LocalWorkDir\1802776\WFFC-Edit\WOFFCEdit\ToolMain.cpp(112,48): warning C4244: '=': conversion from 'double' to 'float', possible loss of data
D:\LocalWorkDir\1802776\WFFC-Edit\WOFFCEdit\ToolMain.cpp(113,48): warning C4244: '=': conversion from 'double' to 'float', possible loss of data
D:\LocalWorkDir\1802776\WFFC-Edit\WOFFCEdit\ToolMain.cpp(117,48): warning C4244: '=': conversion from 'double' to 'float', possible loss of data
D:\LocalWorkDir\1802776\WFFC-Edit\WOFFCEdit\ToolMain.cpp(118,47): warning C4244: '=': conversion from 'double' to 'float', possible loss of data
D:\LocalWorkDir\1802776\WFFC-Edit\WOFFCEdit\ToolMain.cpp(119,42): warning C4244: '=': conversion from 'int' to 'float', possible loss of data
D:\LocalWorkDir\1802776\WFFC-Edit\WOFFCEdit\ToolMain.cpp(123,50): warning C4244: '=': conversion from 'double' to 'int', possible loss of data
D:\LocalWorkDir\1802776\WFFC-Edit\WOFFCEdit\ToolMain.cpp(124,50): warning C4244: '=': conversion from 'double' to 'int', possible loss of data
D:\LocalWorkDir\1802776\WFFC-Edit\WOFFCEdit\ToolMain.cpp(134,57): warning C4244: '=': conversion from 'double' to 'float', possible loss of data
D:\LocalWorkDir\1802776\WFFC-Edit\WOFFCEdit\ToolMain.cpp(135,57): warning C4244: '=': conversion from 'double' to 'float', possible loss of data
D:\LocalWorkDir\1802776\WFFC-Edit\WOFFCEdit\ToolMain.cpp(136,57): warning C4244: '=': conversion from 'double' to 'float', possible loss of data
D:\LocalWorkDir\1802776\WFFC-Edit\WOFFCEdit\ToolMain.cpp(137,58): warning C4244: '=': conversion from 'double' to 'float', possible loss of data
D:\LocalWorkDir\1802776\WFFC-Edit\WOFFCEdit\ToolMain.cpp(138,58): warning C4244: '=': conversion from 'double' to 'float', possible loss of data
D:\LocalWorkDir\1802776\WFFC-Edit\WOFFCEdit\ToolMain.cpp(139,58): warning C4244: '=': conversion from 'double' to 'float', possible loss of data
D:\LocalWorkDir\1802776\WFFC-Edit\WOFFCEdit\ToolMain.cpp(140,59): warning C4244: '=': conversion from 'double' to 'float', possible loss of data
D:\LocalWorkDir\1802776\WFFC-Edit\WOFFCEdit\ToolMain.cpp(141,56): warning C4244: '=': conversion from 'double' to 'float', possible loss of data
D:\LocalWorkDir\1802776\WFFC-Edit\WOFFCEdit\ToolMain.cpp(142,54): warning C4244: '=': conversion from 'double' to 'float', possible loss of data
D:\LocalWorkDir\1802776\WFFC-Edit\WOFFCEdit\ToolMain.cpp(143,57): warning C4244: '=': conversion from 'double' to 'float', possible loss of data
  Generating Code...
  Win32SimpleSample.vcxproj -> D:\LocalWorkDir\1802776\WFFC-Edit\WOFFCEdit\Debug\WoFEdit.exe
